2020-07-11 20:55:35 INFO  CommonSteps                                       :13 - =CommonBeforeSuite==
2020-07-11 20:55:35 INFO  MyITestListener                                   :11 - When method started - onStart
2020-07-11 20:55:35 INFO  CommonSteps                                       :26 - ==CommonBeforeTest==
2020-07-11 20:55:35 INFO  MyITestListener                                   :22 - When new Test started - onTestStart run_cukes
2020-07-11 20:55:41 INFO  StepDef_Search                                    :38 - Log: Navigating to http://automationpractice.com/index.php
2020-07-11 20:55:49 INFO  StepDef_Search                                    :46 - Log: Searching for valid items
2020-07-11 20:55:51 INFO  StepDef_Search                                    :73 - Log: Item search criteria met
2020-07-11 20:55:57 INFO  StepDef_Search                                    :38 - Log: Navigating to http://automationpractice.com/index.php
2020-07-11 20:56:03 INFO  StepDef_Search                                    :46 - Log: Searching for invalid items
2020-07-11 20:56:05 INFO  StepDef_Search                                    :65 - Log: Item search criteria met
2020-07-11 20:56:05 INFO  MyRetry                                           :17 - Retrying test run_cukes with status FAILURE for the 2 time(s).
2020-07-11 20:56:05 INFO  MyITestListener                                   :34 - When new Test skip - onTestSkipped run_cukes
2020-07-11 20:56:05 INFO  MyITestListener                                   :22 - When new Test started - onTestStart run_cukes
2020-07-11 20:56:11 INFO  StepDef_Search                                    :38 - Log: Navigating to http://automationpractice.com/index.php
2020-07-11 20:56:18 INFO  StepDef_Search                                    :46 - Log: Searching for valid items
2020-07-11 20:56:22 INFO  StepDef_Search                                    :73 - Log: Item search criteria met
2020-07-11 20:56:27 INFO  StepDef_Search                                    :38 - Log: Navigating to http://automationpractice.com/index.php
2020-07-11 20:56:32 INFO  StepDef_Search                                    :46 - Log: Searching for invalid items
2020-07-11 20:56:34 INFO  StepDef_Search                                    :65 - Log: Item search criteria met
2020-07-11 20:56:34 INFO  MyITestListener                                   :30 - When new Test fail - onTestFailure run_cukes
2020-07-11 20:56:34 INFO  CommonSteps                                       :31 - ==CommonAfterTest==
2020-07-11 20:56:34 INFO  MyITestListener                                   :15 - When method finished - onFinish Passed Tests are [ResultMap map={}]
2020-07-11 20:56:34 INFO  MyITestListener                                   :16 - When method finished - onFinish Failed Tests are [ResultMap map={[TestResult name=run_cukes status=FAILURE method=AbstractTestNGCucumberTests.run_cukes()[pri:0, instance:com.flipcart.perfumes.pgk_testrunner.FrameworkRunner_Tag@26653222] output=<div "featureFile">Feature File: Search.feature</div>]=AbstractTestNGCucumberTests.run_cukes()[pri:0, instance:com.flipcart.perfumes.pgk_testrunner.FrameworkRunner_Tag@26653222]}]
2020-07-11 20:56:34 INFO  CommonSteps                                       :18 - =CommonAfterSuite==
2020-07-11 20:58:55 INFO  CommonSteps                                       :13 - =CommonBeforeSuite==
2020-07-11 20:58:55 INFO  MyITestListener                                   :11 - When method started - onStart
2020-07-11 20:58:55 INFO  CommonSteps                                       :26 - ==CommonBeforeTest==
2020-07-11 20:58:55 INFO  MyITestListener                                   :22 - When new Test started - onTestStart run_cukes
2020-07-11 20:59:02 INFO  StepDef_Search                                    :38 - Log: Navigating to http://automationpractice.com/index.php
2020-07-11 20:59:08 INFO  StepDef_Search                                    :46 - Log: Searching for valid items
2020-07-11 20:59:10 INFO  StepDef_Search                                    :73 - Log: Item search criteria met
2020-07-11 20:59:16 INFO  StepDef_Search                                    :38 - Log: Navigating to http://automationpractice.com/index.php
2020-07-11 20:59:22 INFO  StepDef_Search                                    :46 - Log: Searching for invalid items
2020-07-11 20:59:23 INFO  StepDef_Search                                    :65 - Log: Item search criteria met
2020-07-11 20:59:23 INFO  MyITestListener                                   :26 - When new Test success - onTestSuccess run_cukes
2020-07-11 20:59:23 INFO  CommonSteps                                       :31 - ==CommonAfterTest==
2020-07-11 20:59:23 INFO  MyITestListener                                   :15 - When method finished - onFinish Passed Tests are [ResultMap map={[TestResult name=run_cukes status=SUCCESS method=AbstractTestNGCucumberTests.run_cukes()[pri:0, instance:com.flipcart.perfumes.pgk_testrunner.FrameworkRunner_Tag@26653222] output=<div "featureFile">Feature File: Search.feature</div>]=AbstractTestNGCucumberTests.run_cukes()[pri:0, instance:com.flipcart.perfumes.pgk_testrunner.FrameworkRunner_Tag@26653222]}]
2020-07-11 20:59:23 INFO  MyITestListener                                   :16 - When method finished - onFinish Failed Tests are [ResultMap map={}]
2020-07-11 20:59:23 INFO  CommonSteps                                       :18 - =CommonAfterSuite==
2020-07-11 21:00:21 INFO  CommonSteps                                       :13 - =CommonBeforeSuite==
2020-07-11 21:00:21 INFO  MyITestListener                                   :11 - When method started - onStart
2020-07-11 21:00:21 INFO  CommonSteps                                       :26 - ==CommonBeforeTest==
2020-07-11 21:00:21 INFO  MyITestListener                                   :22 - When new Test started - onTestStart run_cukes
2020-07-11 21:00:29 INFO  StepDef_Search                                    :38 - Log: Navigating to http://automationpractice.com/index.php
2020-07-11 21:00:38 INFO  StepDef_Search                                    :46 - Log: Searching for valid items
2020-07-11 21:00:40 INFO  StepDef_Search                                    :73 - Log: Item search criteria met
2020-07-11 21:00:45 INFO  StepDef_Search                                    :38 - Log: Navigating to http://automationpractice.com/index.php
2020-07-11 21:00:51 INFO  StepDef_Search                                    :46 - Log: Searching for invalid items
2020-07-11 21:00:52 INFO  StepDef_Search                                    :65 - Log: Item search criteria met
2020-07-11 21:00:52 INFO  MyRetry                                           :17 - Retrying test run_cukes with status FAILURE for the 2 time(s).
2020-07-11 21:00:52 INFO  MyITestListener                                   :34 - When new Test skip - onTestSkipped run_cukes
2020-07-11 21:00:52 INFO  MyITestListener                                   :22 - When new Test started - onTestStart run_cukes
2020-07-11 21:00:59 INFO  StepDef_Search                                    :38 - Log: Navigating to http://automationpractice.com/index.php
2020-07-11 21:01:15 INFO  StepDef_Search                                    :46 - Log: Searching for valid items
2020-07-11 21:01:19 INFO  StepDef_Search                                    :73 - Log: Item search criteria met
2020-07-11 21:01:25 INFO  StepDef_Search                                    :38 - Log: Navigating to http://automationpractice.com/index.php
2020-07-11 21:01:31 INFO  StepDef_Search                                    :46 - Log: Searching for invalid items
2020-07-11 21:01:35 INFO  StepDef_Search                                    :65 - Log: Item search criteria met
2020-07-11 21:01:35 INFO  MyITestListener                                   :30 - When new Test fail - onTestFailure run_cukes
2020-07-11 21:01:35 INFO  CommonSteps                                       :31 - ==CommonAfterTest==
2020-07-11 21:01:35 INFO  MyITestListener                                   :15 - When method finished - onFinish Passed Tests are [ResultMap map={}]
2020-07-11 21:01:35 INFO  MyITestListener                                   :16 - When method finished - onFinish Failed Tests are [ResultMap map={[TestResult name=run_cukes status=FAILURE method=AbstractTestNGCucumberTests.run_cukes()[pri:0, instance:com.flipcart.perfumes.pgk_testrunner.FrameworkRunner_Tag@26653222] output=<div "featureFile">Feature File: Search.feature</div>]=AbstractTestNGCucumberTests.run_cukes()[pri:0, instance:com.flipcart.perfumes.pgk_testrunner.FrameworkRunner_Tag@26653222]}]
2020-07-11 21:01:35 INFO  CommonSteps                                       :18 - =CommonAfterSuite==
2020-07-11 21:15:29 INFO  CommonSteps                                       :13 - =CommonBeforeSuite==
2020-07-11 21:15:29 INFO  MyITestListener                                   :11 - When method started - onStart
2020-07-11 21:15:29 INFO  CommonSteps                                       :26 - ==CommonBeforeTest==
2020-07-11 21:15:29 INFO  MyITestListener                                   :22 - When new Test started - onTestStart run_cukes
2020-07-11 21:15:35 INFO  StepDef_Search                                    :37 - Log: Navigating to http://automationpractice.com/index.php
2020-07-11 21:15:41 INFO  StepDef_Search                                    :45 - Log: Searching for valid items
2020-07-11 21:15:43 INFO  StepDef_Search                                    :72 - Log: Item search criteria met
2020-07-11 21:15:48 INFO  StepDef_Search                                    :37 - Log: Navigating to http://automationpractice.com/index.php
2020-07-11 21:15:53 INFO  StepDef_Search                                    :45 - Log: Searching for invalid items
2020-07-11 21:15:55 INFO  StepDef_Search                                    :64 - Log: Item search criteria met
2020-07-11 21:15:55 INFO  MyITestListener                                   :26 - When new Test success - onTestSuccess run_cukes
2020-07-11 21:15:55 INFO  CommonSteps                                       :31 - ==CommonAfterTest==
2020-07-11 21:15:55 INFO  MyITestListener                                   :15 - When method finished - onFinish Passed Tests are [ResultMap map={[TestResult name=run_cukes status=SUCCESS method=AbstractTestNGCucumberTests.run_cukes()[pri:0, instance:com.flipcart.perfumes.pgk_testrunner.FrameworkRunner_Tag@26653222] output=<div "featureFile">Feature File: Search.feature</div>]=AbstractTestNGCucumberTests.run_cukes()[pri:0, instance:com.flipcart.perfumes.pgk_testrunner.FrameworkRunner_Tag@26653222]}]
2020-07-11 21:15:55 INFO  MyITestListener                                   :16 - When method finished - onFinish Failed Tests are [ResultMap map={}]
2020-07-11 21:15:55 INFO  CommonSteps                                       :18 - =CommonAfterSuite==
2020-07-11 21:17:10 INFO  CommonSteps                                       :13 - =CommonBeforeSuite==
2020-07-11 21:17:10 INFO  MyITestListener                                   :11 - When method started - onStart
2020-07-11 21:17:10 INFO  CommonSteps                                       :26 - ==CommonBeforeTest==
2020-07-11 21:17:10 INFO  MyITestListener                                   :22 - When new Test started - onTestStart run_cukes
2020-07-11 21:17:16 INFO  StepDef_Search                                    :37 - Log: Navigating to http://automationpractice.com/index.php
2020-07-11 21:17:23 INFO  StepDef_Search                                    :45 - Log: Searching for valid items
2020-07-11 21:17:25 INFO  StepDef_Search                                    :72 - Log: Item search criteria met
2020-07-11 21:17:31 INFO  StepDef_Search                                    :37 - Log: Navigating to http://automationpractice.com/index.php
2020-07-11 21:17:37 INFO  StepDef_Search                                    :45 - Log: Searching for invalid items
2020-07-11 21:17:39 INFO  StepDef_Search                                    :64 - Log: Item search criteria met
2020-07-11 21:17:39 INFO  MyITestListener                                   :26 - When new Test success - onTestSuccess run_cukes
2020-07-11 21:17:39 INFO  CommonSteps                                       :31 - ==CommonAfterTest==
2020-07-11 21:17:39 INFO  MyITestListener                                   :15 - When method finished - onFinish Passed Tests are [ResultMap map={[TestResult name=run_cukes status=SUCCESS method=AbstractTestNGCucumberTests.run_cukes()[pri:0, instance:com.flipcart.perfumes.pgk_testrunner.FrameworkRunner_Tag@26653222] output=<div "featureFile">Feature File: Search.feature</div>]=AbstractTestNGCucumberTests.run_cukes()[pri:0, instance:com.flipcart.perfumes.pgk_testrunner.FrameworkRunner_Tag@26653222]}]
2020-07-11 21:17:39 INFO  MyITestListener                                   :16 - When method finished - onFinish Failed Tests are [ResultMap map={}]
2020-07-11 21:17:39 INFO  CommonSteps                                       :18 - =CommonAfterSuite==
2020-07-11 21:24:15 INFO  CommonSteps                                       :13 - =CommonBeforeSuite==
2020-07-11 21:24:15 INFO  MyITestListener                                   :11 - When method started - onStart
2020-07-11 21:24:15 INFO  CommonSteps                                       :26 - ==CommonBeforeTest==
2020-07-11 21:24:15 INFO  MyITestListener                                   :22 - When new Test started - onTestStart run_cukes
2020-07-11 21:24:21 INFO  StepDef_Search                                    :37 - Log: Navigating to http://automationpractice.com/index.php
2020-07-11 21:24:26 INFO  StepDef_Search                                    :45 - Log: Searching for valid items
2020-07-11 21:24:29 INFO  StepDef_Search                                    :72 - Log: Item search criteria met
2020-07-11 21:24:34 INFO  StepDef_Search                                    :37 - Log: Navigating to http://automationpractice.com/index.php
2020-07-11 21:24:41 INFO  StepDef_Search                                    :45 - Log: Searching for invalid items
2020-07-11 21:24:43 INFO  StepDef_Search                                    :64 - Log: Item search criteria met
2020-07-11 21:24:43 INFO  MyITestListener                                   :30 - When new Test fail - onTestFailure run_cukes
2020-07-11 21:24:43 INFO  CommonSteps                                       :31 - ==CommonAfterTest==
2020-07-11 21:24:43 INFO  MyITestListener                                   :15 - When method finished - onFinish Passed Tests are [ResultMap map={}]
2020-07-11 21:24:43 INFO  MyITestListener                                   :16 - When method finished - onFinish Failed Tests are [ResultMap map={[TestResult name=run_cukes status=FAILURE method=AbstractTestNGCucumberTests.run_cukes()[pri:0, instance:com.flipcart.perfumes.pgk_testrunner.FrameworkRunner_Tag@26653222] output=<div "featureFile">Feature File: Search.feature</div>]=AbstractTestNGCucumberTests.run_cukes()[pri:0, instance:com.flipcart.perfumes.pgk_testrunner.FrameworkRunner_Tag@26653222]}]
2020-07-11 21:24:43 INFO  CommonSteps                                       :18 - =CommonAfterSuite==
2020-07-11 21:25:39 INFO  CommonSteps                                       :13 - =CommonBeforeSuite==
2020-07-11 21:25:39 INFO  MyITestListener                                   :11 - When method started - onStart
2020-07-11 21:25:39 INFO  CommonSteps                                       :26 - ==CommonBeforeTest==
2020-07-11 21:25:39 INFO  MyITestListener                                   :22 - When new Test started - onTestStart run_cukes
2020-07-11 21:25:45 INFO  StepDef_Search                                    :37 - Log: Navigating to http://automationpractice.com/index.php
2020-07-11 21:25:54 INFO  StepDef_Search                                    :45 - Log: Searching for valid items
2020-07-11 21:25:56 INFO  StepDef_Search                                    :72 - Log: Item search criteria met
2020-07-11 21:26:01 INFO  StepDef_Search                                    :37 - Log: Navigating to http://automationpractice.com/index.php
2020-07-11 21:26:08 INFO  StepDef_Search                                    :45 - Log: Searching for invalid items
2020-07-11 21:26:10 INFO  StepDef_Search                                    :64 - Log: Item search criteria met
2020-07-11 21:26:11 INFO  MyITestListener                                   :26 - When new Test success - onTestSuccess run_cukes
2020-07-11 21:26:11 INFO  CommonSteps                                       :31 - ==CommonAfterTest==
2020-07-11 21:26:11 INFO  MyITestListener                                   :15 - When method finished - onFinish Passed Tests are [ResultMap map={[TestResult name=run_cukes status=SUCCESS method=AbstractTestNGCucumberTests.run_cukes()[pri:0, instance:com.flipcart.perfumes.pgk_testrunner.FrameworkRunner_Tag@26653222] output=<div "featureFile">Feature File: Search.feature</div>]=AbstractTestNGCucumberTests.run_cukes()[pri:0, instance:com.flipcart.perfumes.pgk_testrunner.FrameworkRunner_Tag@26653222]}]
2020-07-11 21:26:11 INFO  MyITestListener                                   :16 - When method finished - onFinish Failed Tests are [ResultMap map={}]
2020-07-11 21:26:11 INFO  CommonSteps                                       :18 - =CommonAfterSuite==
2020-07-11 21:33:43 INFO  CommonSteps                                       :13 - =CommonBeforeSuite==
2020-07-11 21:33:43 INFO  MyITestListener                                   :11 - When method started - onStart
2020-07-11 21:33:43 INFO  CommonSteps                                       :26 - ==CommonBeforeTest==
2020-07-11 21:33:43 INFO  MyITestListener                                   :22 - When new Test started - onTestStart run_cukes
2020-07-11 21:33:49 INFO  StepDef_Search                                    :37 - Log: Navigating to http://automationpractice.com/index.php
2020-07-11 21:33:56 INFO  StepDef_Search                                    :45 - Log: Searching for valid items
2020-07-11 21:33:59 INFO  StepDef_Search                                    :72 - Log: Item search criteria met
2020-07-11 21:34:04 INFO  StepDef_Search                                    :37 - Log: Navigating to http://automationpractice.com/index.php
2020-07-11 21:34:12 INFO  StepDef_Search                                    :45 - Log: Searching for invalid items
2020-07-11 21:34:14 INFO  StepDef_Search                                    :64 - Log: Item search criteria met
2020-07-11 21:34:14 INFO  MyITestListener                                   :26 - When new Test success - onTestSuccess run_cukes
2020-07-11 21:34:14 INFO  CommonSteps                                       :31 - ==CommonAfterTest==
2020-07-11 21:34:14 INFO  MyITestListener                                   :15 - When method finished - onFinish Passed Tests are [ResultMap map={[TestResult name=run_cukes status=SUCCESS method=AbstractTestNGCucumberTests.run_cukes()[pri:0, instance:com.flipcart.perfumes.pgk_testrunner.FrameworkRunner_Tag@26653222] output=<div "featureFile">Feature File: Search.feature</div>]=AbstractTestNGCucumberTests.run_cukes()[pri:0, instance:com.flipcart.perfumes.pgk_testrunner.FrameworkRunner_Tag@26653222]}]
2020-07-11 21:34:14 INFO  MyITestListener                                   :16 - When method finished - onFinish Failed Tests are [ResultMap map={}]
2020-07-11 21:34:14 INFO  CommonSteps                                       :18 - =CommonAfterSuite==
2020-07-11 21:34:45 INFO  CommonSteps                                       :13 - =CommonBeforeSuite==
2020-07-11 21:34:45 INFO  MyITestListener                                   :11 - When method started - onStart
2020-07-11 21:34:45 INFO  CommonSteps                                       :26 - ==CommonBeforeTest==
2020-07-11 21:34:45 INFO  MyITestListener                                   :22 - When new Test started - onTestStart run_cukes
2020-07-11 21:34:52 INFO  StepDef_Search                                    :37 - Log: Navigating to http://automationpractice.com/index.php
2020-07-11 21:34:57 INFO  StepDef_Search                                    :45 - Log: Searching for valid items
2020-07-11 21:34:59 INFO  StepDef_Search                                    :72 - Log: Item search criteria met
2020-07-11 21:35:05 INFO  StepDef_Search                                    :37 - Log: Navigating to http://automationpractice.com/index.php
2020-07-11 21:35:11 INFO  StepDef_Search                                    :45 - Log: Searching for invalid items
2020-07-11 21:35:14 INFO  StepDef_Search                                    :64 - Log: Item search criteria met
2020-07-11 21:35:14 INFO  MyITestListener                                   :26 - When new Test success - onTestSuccess run_cukes
2020-07-11 21:35:14 INFO  CommonSteps                                       :31 - ==CommonAfterTest==
2020-07-11 21:35:14 INFO  MyITestListener                                   :15 - When method finished - onFinish Passed Tests are [ResultMap map={[TestResult name=run_cukes status=SUCCESS method=AbstractTestNGCucumberTests.run_cukes()[pri:0, instance:com.flipcart.perfumes.pgk_testrunner.FrameworkRunner_Tag@26653222] output=<div "featureFile">Feature File: Search.feature</div>]=AbstractTestNGCucumberTests.run_cukes()[pri:0, instance:com.flipcart.perfumes.pgk_testrunner.FrameworkRunner_Tag@26653222]}]
2020-07-11 21:35:14 INFO  MyITestListener                                   :16 - When method finished - onFinish Failed Tests are [ResultMap map={}]
2020-07-11 21:35:14 INFO  CommonSteps                                       :18 - =CommonAfterSuite==
2020-07-11 21:35:29 INFO  CommonSteps                                       :13 - =CommonBeforeSuite==
2020-07-11 21:35:29 INFO  MyITestListener                                   :11 - When method started - onStart
2020-07-11 21:35:29 INFO  CommonSteps                                       :26 - ==CommonBeforeTest==
2020-07-11 21:35:29 INFO  MyITestListener                                   :22 - When new Test started - onTestStart run_cukes
2020-07-11 21:35:35 INFO  StepDef_Search                                    :37 - Log: Navigating to http://automationpractice.com/index.php
2020-07-11 21:35:42 INFO  StepDef_Search                                    :45 - Log: Searching for valid items
2020-07-11 21:35:44 INFO  StepDef_Search                                    :72 - Log: Item search criteria met
2020-07-11 21:35:51 INFO  StepDef_Search                                    :37 - Log: Navigating to http://automationpractice.com/index.php
2020-07-11 21:35:57 INFO  StepDef_Search                                    :45 - Log: Searching for invalid items
2020-07-11 21:36:00 INFO  StepDef_Search                                    :64 - Log: Item search criteria met
2020-07-11 21:36:00 INFO  MyITestListener                                   :30 - When new Test fail - onTestFailure run_cukes
2020-07-11 21:36:00 INFO  CommonSteps                                       :31 - ==CommonAfterTest==
2020-07-11 21:36:00 INFO  MyITestListener                                   :15 - When method finished - onFinish Passed Tests are [ResultMap map={}]
2020-07-11 21:36:00 INFO  MyITestListener                                   :16 - When method finished - onFinish Failed Tests are [ResultMap map={[TestResult name=run_cukes status=FAILURE method=AbstractTestNGCucumberTests.run_cukes()[pri:0, instance:com.flipcart.perfumes.pgk_testrunner.FrameworkRunner_Tag@26653222] output=<div "featureFile">Feature File: Search.feature</div>]=AbstractTestNGCucumberTests.run_cukes()[pri:0, instance:com.flipcart.perfumes.pgk_testrunner.FrameworkRunner_Tag@26653222]}]
2020-07-11 21:36:00 INFO  CommonSteps                                       :18 - =CommonAfterSuite==
2020-07-11 21:37:10 INFO  CommonSteps                                       :13 - =CommonBeforeSuite==
2020-07-11 21:37:10 INFO  MyITestListener                                   :11 - When method started - onStart
2020-07-11 21:37:10 INFO  CommonSteps                                       :26 - ==CommonBeforeTest==
2020-07-11 21:37:10 INFO  MyITestListener                                   :22 - When new Test started - onTestStart run_cukes
2020-07-11 21:37:11 INFO  MyITestListener                                   :30 - When new Test fail - onTestFailure run_cukes
2020-07-11 21:37:11 INFO  CommonSteps                                       :31 - ==CommonAfterTest==
2020-07-11 21:37:11 INFO  MyITestListener                                   :15 - When method finished - onFinish Passed Tests are [ResultMap map={}]
2020-07-11 21:37:11 INFO  MyITestListener                                   :16 - When method finished - onFinish Failed Tests are [ResultMap map={[TestResult name=run_cukes status=FAILURE method=AbstractTestNGCucumberTests.run_cukes()[pri:0, instance:com.flipcart.perfumes.pgk_testrunner.FrameworkRunner_Tag@26653222] output={null}]=AbstractTestNGCucumberTests.run_cukes()[pri:0, instance:com.flipcart.perfumes.pgk_testrunner.FrameworkRunner_Tag@26653222]}]
2020-07-11 21:37:11 INFO  CommonSteps                                       :18 - =CommonAfterSuite==
2020-07-11 21:37:44 INFO  CommonSteps                                       :13 - =CommonBeforeSuite==
2020-07-11 21:37:44 INFO  MyITestListener                                   :11 - When method started - onStart
2020-07-11 21:37:44 INFO  CommonSteps                                       :26 - ==CommonBeforeTest==
2020-07-11 21:37:44 INFO  MyITestListener                                   :22 - When new Test started - onTestStart run_cukes
2020-07-11 21:37:50 INFO  StepDef_Search                                    :37 - Log: Navigating to http://automationpractice.com/index.php
2020-07-11 21:37:59 INFO  StepDef_Search                                    :45 - Log: Searching for valid items
2020-07-11 21:38:04 INFO  StepDef_Search                                    :72 - Log: Item search criteria met
2020-07-11 21:38:10 INFO  StepDef_Search                                    :37 - Log: Navigating to http://automationpractice.com/index.php
2020-07-11 21:38:18 INFO  StepDef_Search                                    :45 - Log: Searching for invalid items
2020-07-11 21:38:22 INFO  StepDef_Search                                    :64 - Log: Item search criteria met
2020-07-11 21:38:22 INFO  MyITestListener                                   :30 - When new Test fail - onTestFailure run_cukes
2020-07-11 21:38:22 INFO  CommonSteps                                       :31 - ==CommonAfterTest==
2020-07-11 21:38:22 INFO  MyITestListener                                   :15 - When method finished - onFinish Passed Tests are [ResultMap map={}]
2020-07-11 21:38:22 INFO  MyITestListener                                   :16 - When method finished - onFinish Failed Tests are [ResultMap map={[TestResult name=run_cukes status=FAILURE method=AbstractTestNGCucumberTests.run_cukes()[pri:0, instance:com.flipcart.perfumes.pgk_testrunner.FrameworkRunner_Tag@26653222] output=<div "featureFile">Feature File: Search.feature</div>]=AbstractTestNGCucumberTests.run_cukes()[pri:0, instance:com.flipcart.perfumes.pgk_testrunner.FrameworkRunner_Tag@26653222]}]
2020-07-11 21:38:22 INFO  CommonSteps                                       :18 - =CommonAfterSuite==
2020-07-11 21:39:26 INFO  CommonSteps                                       :13 - =CommonBeforeSuite==
2020-07-11 21:39:26 INFO  MyITestListener                                   :11 - When method started - onStart
2020-07-11 21:39:26 INFO  CommonSteps                                       :26 - ==CommonBeforeTest==
2020-07-11 21:39:26 INFO  MyITestListener                                   :22 - When new Test started - onTestStart run_cukes
2020-07-11 21:39:33 INFO  StepDef_Search                                    :37 - Log: Navigating to http://automationpractice.com/index.php
2020-07-11 21:39:43 INFO  StepDef_Search                                    :45 - Log: Searching for valid items
2020-07-11 21:39:47 INFO  StepDef_Search                                    :72 - Log: Item search criteria met
2020-07-11 21:39:54 INFO  StepDef_Search                                    :37 - Log: Navigating to http://automationpractice.com/index.php
2020-07-11 21:40:00 INFO  StepDef_Search                                    :45 - Log: Searching for invalid items
2020-07-11 21:40:04 INFO  StepDef_Search                                    :64 - Log: Item search criteria met
2020-07-11 21:40:04 INFO  MyITestListener                                   :30 - When new Test fail - onTestFailure run_cukes
2020-07-11 21:40:04 INFO  CommonSteps                                       :31 - ==CommonAfterTest==
2020-07-11 21:40:04 INFO  MyITestListener                                   :15 - When method finished - onFinish Passed Tests are [ResultMap map={}]
2020-07-11 21:40:04 INFO  MyITestListener                                   :16 - When method finished - onFinish Failed Tests are [ResultMap map={[TestResult name=run_cukes status=FAILURE method=AbstractTestNGCucumberTests.run_cukes()[pri:0, instance:com.flipcart.perfumes.pgk_testrunner.FrameworkRunner_Tag@26653222] output=<div "featureFile">Feature File: Search.feature</div>]=AbstractTestNGCucumberTests.run_cukes()[pri:0, instance:com.flipcart.perfumes.pgk_testrunner.FrameworkRunner_Tag@26653222]}]
2020-07-11 21:40:04 INFO  CommonSteps                                       :18 - =CommonAfterSuite==
